<?xml version="1.0" encoding="UTF-8"?>
<!-- Generated by org.testng.reporters.JUnitReportReporter -->
<testsuite hostname="DESKTOP-147576G" name="TestNGAnnotationsDemo" tests="2" failures="0" timestamp="2 Jun 2016 07:50:16 GMT" time="0.009" errors="0">
  <testcase name="testDemo" time="0.006" classname="TestNGAnnotationsDemo"/>
  <testcase name="testDemo1" time="0.003" classname="TestNGAnnotationsDemo"/>
</testsuite> <!-- TestNGAnnotationsDemo -->
