<?xml version="1.0" encoding="UTF-8"?>
<!-- Generated by org.testng.reporters.JUnitReportReporter -->
<testsuite hostname="DESKTOP-147576G" name="com.naukri.SampleProgram" tests="1" failures="0" timestamp="1 Jun 2016 13:05:58 GMT" time="41.136" errors="0">
  <testcase name="naukriResumeUpdate" time="41.136" classname="com.naukri.SampleProgram"/>
</testsuite> <!-- com.naukri.SampleProgram -->
