<?xml version="1.0" encoding="UTF-8"?>
<!-- Generated by org.testng.reporters.JUnitReportReporter -->
<testsuite hostname="DESKTOP-147576G" name="com.naukri.SampleExcel" tests="1" failures="0" timestamp="19 May 2016 06:49:22 GMT" time="0.850" errors="0">
  <testcase name="dataToExcel" time="0.850" classname="com.naukri.SampleExcel"/>
</testsuite> <!-- com.naukri.SampleExcel -->
