<?xml version="1.0" encoding="UTF-8"?>
<!-- Generated by org.testng.reporters.JUnitReportReporter -->
<testsuite hostname="DESKTOP-147576G" name="com.naukri.NewClass" tests="1" failures="0" timestamp="1 Jun 2016 13:05:58 GMT" time="6.167" errors="0">
  <testcase name="fb" time="6.167" classname="com.naukri.NewClass"/>
</testsuite> <!-- com.naukri.NewClass -->
